#
# A fatal error has been detected by the Java Runtime Environment:
#
#  SIGSEGV (0xb) at pc=0x000000010b646908, pid=21402, tid=13575
#
# JRE version: Java(TM) SE Runtime Environment (8.0_65-b17) (build 1.8.0_65-b17)
# Java VM: Java HotSpot(TM) 64-Bit Server VM (25.65-b01 mixed mode bsd-amd64 compressed oops)
# Problematic frame:
# V  [libjvm.dylib+0x446908]
#
# Failed to write core dump. Core dumps have been disabled. To enable core dumping, try "ulimit -c unlimited" before starting Java again
#
# If you would like to submit a bug report, please visit:
#   http://bugreport.java.com/bugreport/crash.jsp
#

---------------  T H R E A D  ---------------

Current thread (0x00007fd3a203c000):  JavaThread "JDWP Transport Listener: dt_socket" daemon [_thread_in_vm, id=13575, stack(0x000070000424c000,0x000070000434c000)]

siginfo: si_signo: 11 (SIGSEGV), si_code: 0 (unknown), si_addr: 0x0000000000000000

Registers:
RAX=0x0000000000000001, RBX=0x000070000434baab, RCX=0x000000010ba15310, RDX=0x000070000434baab
RSP=0x000070000434b9f0, RBP=0x000070000434ba00, RSI=0x00007fd3a203c000, RDI=0x42726567616e614d
R8 =0x0000000000000000, R9 =0x00007fd3af5917e0, R10=0x0000000000000001, R11=0x0000000000000001
R12=0x00007fd3a203c000, R13=0x42726567616e614d, R14=0x42726567616e614d, R15=0x00007fd3a0c009d0
RIP=0x000000010b646908, EFLAGS=0x0000000000010206, ERR=0x0000000000000000
  TRAPNO=0x000000000000000d

Top of Stack: (sp=0x000070000434b9f0)
0x000070000434b9f0:   000070000434baab 000070000434baab
0x000070000434ba00:   000070000434ba60 000000010b555a02
0x000070000434ba10:   00007fd3a203c000 0000000000000000
0x000070000434ba20:   0000000000000000 0000000000000000
0x000070000434ba30:   00007fd3a203c000 00007fd3a203c000
0x000070000434ba40:   000070000434baab 000070000434bab0
0x000070000434ba50:   42726567616e614d 0000000000000037
0x000070000434ba60:   000070000434ba80 000000010a0d4780
0x000070000434ba70:   0000000000000001 000070000434bb28
0x000070000434ba80:   000070000434baf0 000000010a0b91f3
0x000070000434ba90:   000070000434bac0 00007fd3acca6560
0x000070000434baa0:   0000003800000032 000000080034bb28
0x000070000434bab0:   0000000000000000 0000000000000000
0x000070000434bac0:   0000000000000000 000070000434bcb0
0x000070000434bad0:   000000010a0dbe7a 00007fd3ad003440
0x000070000434bae0:   000070000434bb28 000000010a0e7598
0x000070000434baf0:   000070000434bb00 000000010a0b92ec
0x000070000434bb00:   000070000434bd20 000000010a0c2898
0x000070000434bb10:   0008b78e00000013 00000000000f0200
0x000070000434bb20:   00007fd3ad00e720 00007fd3aed06eab
0x000070000434bb30:   0000000000000e15 00007fd3af54f2a0
0x000070000434bb40:   000000000000012c 000070000434bb78
0x000070000434bb50:   00007fd3acccaeb0 00007f0000000000
0x000070000434bb60:   0008b78e0000000f 00007fd300000280
0x000070000434bb70:   000070000434bb78 d37f000038000000
0x000070000434bb80:   06000000f07877a3 00003e74696e693c
0x000070000434bb90:   0000005629280300 7f00000100000000
0x000070000434bba0:   000000385a58a3d3 65674174696e6914
0x000070000434bbb0:   676574614379636e 000000736569726f
0x000070000434bbc0:   0000000056292803 d37f000002000000
0x000070000434bbd0:   1f000000405a58a3 6465724374696e69
0x000070000434bbe0:   6369767265537469 72656c646e614865 

Instructions: (pc=0x000000010b646908)
0x000000010b6468e8:   40 48 48 85 c0 75 e0 30 c0 0f b6 c0 5d c3 31 c0
0x000000010b6468f8:   5d c3 55 48 89 e5 53 48 83 ec 08 48 85 ff 74 24
0x000000010b646908:   48 8b 1f 48 85 db 74 1c 48 83 fb 37 74 16 48 8b
0x000000010b646918:   03 48 89 df ff 50 10 84 c0 b8 00 00 00 00 48 0f 

Register to memory mapping:

RAX=0x0000000000000001 is an unknown value
RBX=0x000070000434baab is pointing into the stack for thread: 0x00007fd3a203c000
RCX=0x000000010ba15310: UseMembar+0 in /Library/Java/JavaVirtualMachines/jdk1.8.0_65.jdk/Contents/Home/jre/lib/server/libjvm.dylib at 0x000000010b200000
RDX=0x000070000434baab is pointing into the stack for thread: 0x00007fd3a203c000
RSP=0x000070000434b9f0 is pointing into the stack for thread: 0x00007fd3a203c000
RBP=0x000070000434ba00 is pointing into the stack for thread: 0x00007fd3a203c000
RSI=0x00007fd3a203c000 is a thread
RDI=0x42726567616e614d is an unknown value
R8 =0x0000000000000000 is an unknown value
R9 =0x00007fd3af5917e0 is an unknown value
R10=0x0000000000000001 is an unknown value
R11=0x0000000000000001 is an unknown value
R12=0x00007fd3a203c000 is a thread
R13=0x42726567616e614d is an unknown value
R14=0x42726567616e614d is an unknown value
R15=0x00007fd3a0c009d0 is an unknown value


Stack: [0x000070000424c000,0x000070000434c000],  sp=0x000070000434b9f0,  free space=1022k
Native frames: (J=compiled Java code, j=interpreted, Vv=VM code, C=native code)
V  [libjvm.dylib+0x446908]
V  [libjvm.dylib+0x355a02]
C  [libjdwp.dylib+0x20780]  isMethodSynthetic+0x63
C  [libjdwp.dylib+0x51f3]  methods1+0x10b
C  [libjdwp.dylib+0x52ec]  methodsWithGeneric+0xe
C  [libjdwp.dylib+0xe898]  debugLoop_run+0x1ce
C  [libjdwp.dylib+0x1f6ba]  attachThread+0x4d
V  [libjvm.dylib+0x396d60]
V  [libjvm.dylib+0x5612d3]
V  [libjvm.dylib+0x5629ce]
V  [libjvm.dylib+0x48342e]
C  [libsystem_pthread.dylib+0x3339]  _pthread_body+0x7e
C  [libsystem_pthread.dylib+0x62a7]  _pthread_start+0x46
C  [libsystem_pthread.dylib+0x2445]  thread_start+0xd
C  0x0000000000000000


---------------  P R O C E S S  ---------------

Java Threads: ( => current thread )
  0x00007fd3a4e67000 JavaThread "Atmosphere-Scheduler-264" daemon [_thread_blocked, id=40735, stack(0x000070001099b000,0x0000700010a9b000)]
  0x00007fd3a54ac000 JavaThread "Atmosphere-Scheduler-263" daemon [_thread_blocked, id=40615, stack(0x00007000064b2000,0x00007000065b2000)]
  0x00007fd3aef18000 JavaThread "Atmosphere-Scheduler-262" daemon [_thread_blocked, id=25163, stack(0x0000700004e70000,0x0000700004f70000)]
  0x00007fd3abd4a000 JavaThread "Atmosphere-Scheduler-258" daemon [_thread_blocked, id=115995, stack(0x0000700010da7000,0x0000700010ea7000)]
  0x00007fd3abd47800 JavaThread "Atmosphere-Scheduler-232" daemon [_thread_blocked, id=117059, stack(0x0000700010ca4000,0x0000700010da4000)]
  0x00007fd3aef01800 JavaThread "http-bio-8080-exec-10" daemon [_thread_blocked, id=109319, stack(0x00007000116c2000,0x00007000117c2000)]
  0x00007fd3aef8f000 JavaThread "http-bio-8080-exec-9" daemon [_thread_blocked, id=110343, stack(0x00007000115bf000,0x00007000116bf000)]
  0x00007fd3ae8e5000 JavaThread "http-bio-8080-exec-8" daemon [_thread_blocked, id=110087, stack(0x00007000114bc000,0x00007000115bc000)]
  0x00007fd3a9697000 JavaThread "http-bio-8080-exec-7" daemon [_thread_blocked, id=105735, stack(0x00007000113b9000,0x00007000114b9000)]
  0x00007fd3aecda000 JavaThread "http-bio-8080-exec-6" daemon [_thread_blocked, id=117255, stack(0x00007000112b6000,0x00007000113b6000)]
  0x00007fd3a2923000 JavaThread "http-bio-8080-exec-5" daemon [_thread_blocked, id=108039, stack(0x00007000111b3000,0x00007000112b3000)]
  0x00007fd3a2367800 JavaThread "Thread-51" daemon [_thread_blocked, id=115719, stack(0x0000700010a9e000,0x0000700010b9e000)]
  0x00007fd3a3b55800 JavaThread "Thread-49" daemon [_thread_blocked, id=105219, stack(0x0000700010898000,0x0000700010998000)]
  0x00007fd3a465a800 JavaThread "org.apache.openejb.pool.scheduler.163" daemon [_thread_blocked, id=104963, stack(0x0000700010795000,0x0000700010895000)]
  0x00007fd3ae56f800 JavaThread "org.apache.openejb.pool.scheduler.162" daemon [_thread_blocked, id=104451, stack(0x0000700010692000,0x0000700010792000)]
  0x00007fd3a2c73000 JavaThread "org.apache.openejb.pool.scheduler.161" daemon [_thread_blocked, id=117763, stack(0x000070001058f000,0x000070001068f000)]
  0x00007fd3a4659800 JavaThread "org.apache.openejb.pool.scheduler.160" daemon [_thread_blocked, id=118019, stack(0x000070001048c000,0x000070001058c000)]
  0x00007fd3a949f000 JavaThread "org.apache.openejb.pool.scheduler.159" daemon [_thread_blocked, id=103427, stack(0x0000700010389000,0x0000700010489000)]
  0x00007fd3a936c000 JavaThread "org.apache.openejb.pool.scheduler.158" daemon [_thread_blocked, id=102915, stack(0x0000700010286000,0x0000700010386000)]
  0x00007fd3a1215800 JavaThread "org.apache.openejb.pool.scheduler.157" daemon [_thread_blocked, id=118531, stack(0x0000700010183000,0x0000700010283000)]
  0x00007fd3a1214800 JavaThread "org.apache.openejb.pool.scheduler.156" daemon [_thread_blocked, id=118787, stack(0x0000700010080000,0x0000700010180000)]
  0x00007fd3a3b53800 JavaThread "org.apache.openejb.pool.scheduler.155" daemon [_thread_blocked, id=102147, stack(0x000070000ff7d000,0x000070001007d000)]
  0x00007fd3ae56f000 JavaThread "org.apache.openejb.pool.scheduler.154" daemon [_thread_blocked, id=101891, stack(0x000070000fe7a000,0x000070000ff7a000)]
  0x00007fd3a2c72000 JavaThread "org.apache.openejb.pool.scheduler.153" daemon [_thread_blocked, id=119555, stack(0x000070000fd77000,0x000070000fe77000)]
  0x00007fd3ae56e000 JavaThread "org.apache.openejb.pool.scheduler.152" daemon [_thread_blocked, id=101379, stack(0x000070000fc74000,0x000070000fd74000)]
  0x00007fd3ae56d800 JavaThread "org.apache.openejb.pool.scheduler.151" daemon [_thread_blocked, id=100867, stack(0x000070000fb71000,0x000070000fc71000)]
  0x00007fd3a4659000 JavaThread "org.apache.openejb.pool.scheduler.150" daemon [_thread_blocked, id=100611, stack(0x000070000fa6e000,0x000070000fb6e000)]
  0x00007fd3a2c71800 JavaThread "org.apache.openejb.pool.scheduler.149" daemon [_thread_blocked, id=100355, stack(0x000070000f96b000,0x000070000fa6b000)]
  0x00007fd3abac7000 JavaThread "org.apache.openejb.pool.scheduler.148" daemon [_thread_blocked, id=120323, stack(0x000070000f868000,0x000070000f968000)]
  0x00007fd3af911800 JavaThread "org.apache.openejb.pool.scheduler.147" daemon [_thread_blocked, id=120579, stack(0x000070000f765000,0x000070000f865000)]
  0x00007fd3a5210800 JavaThread "org.apache.openejb.pool.scheduler.146" daemon [_thread_blocked, id=99587, stack(0x000070000f662000,0x000070000f762000)]
  0x00007fd3afad6800 JavaThread "org.apache.openejb.pool.scheduler.145" daemon [_thread_blocked, id=121347, stack(0x000070000f55f000,0x000070000f65f000)]
  0x00007fd3a936b800 JavaThread "org.apache.openejb.pool.scheduler.144" daemon [_thread_blocked, id=99075, stack(0x000070000f45c000,0x000070000f55c000)]
  0x00007fd3a2c70800 JavaThread "org.apache.openejb.pool.scheduler.143" daemon [_thread_blocked, id=121603, stack(0x000070000f359000,0x000070000f459000)]
  0x00007fd3afad6000 JavaThread "org.apache.openejb.pool.scheduler.142" daemon [_thread_blocked, id=121859, stack(0x000070000f256000,0x000070000f356000)]
  0x00007fd3a936a800 JavaThread "org.apache.openejb.pool.scheduler.141" daemon [_thread_blocked, id=98051, stack(0x000070000f153000,0x000070000f253000)]
  0x00007fd3abb5b000 JavaThread "org.apache.openejb.pool.scheduler.140" daemon [_thread_blocked, id=97539, stack(0x000070000f050000,0x000070000f150000)]
  0x00007fd3ae56c800 JavaThread "org.apache.openejb.pool.scheduler.139" daemon [_thread_blocked, id=97027, stack(0x000070000ef4d000,0x000070000f04d000)]
  0x00007fd3a2b2a000 JavaThread "org.apache.openejb.pool.scheduler.138" daemon [_thread_blocked, id=96771, stack(0x000070000ee4a000,0x000070000ef4a000)]
  0x00007fd3a3b52800 JavaThread "org.apache.openejb.pool.scheduler.137" daemon [_thread_blocked, id=96259, stack(0x000070000ed47000,0x000070000ee47000)]
  0x00007fd3a936a000 JavaThread "org.apache.openejb.pool.scheduler.136" daemon [_thread_blocked, id=122371, stack(0x000070000ec44000,0x000070000ed44000)]
  0x00007fd3a3b51000 JavaThread "org.apache.openejb.pool.scheduler.135" daemon [_thread_blocked, id=122883, stack(0x000070000eb41000,0x000070000ec41000)]
  0x00007fd3a2b29000 JavaThread "org.apache.openejb.pool.scheduler.134" daemon [_thread_blocked, id=123139, stack(0x000070000ea3e000,0x000070000eb3e000)]
  0x00007fd3af916800 JavaThread "org.apache.openejb.pool.scheduler.133" daemon [_thread_blocked, id=95491, stack(0x000070000e93b000,0x000070000ea3b000)]
  0x00007fd3a4658000 JavaThread "org.apache.openejb.pool.scheduler.132" daemon [_thread_blocked, id=94979, stack(0x000070000e838000,0x000070000e938000)]
  0x00007fd3a4657800 JavaThread "org.apache.openejb.pool.scheduler.131" daemon [_thread_blocked, id=123651, stack(0x000070000e735000,0x000070000e835000)]
  0x00007fd3a3b48000 JavaThread "org.apache.openejb.pool.scheduler.130" daemon [_thread_blocked, id=94211, stack(0x000070000e632000,0x000070000e732000)]
  0x00007fd3a1214000 JavaThread "org.apache.openejb.pool.scheduler.129" daemon [_thread_blocked, id=124163, stack(0x000070000e52f000,0x000070000e62f000)]
  0x00007fd3a453a000 JavaThread "org.apache.openejb.pool.scheduler.128" daemon [_thread_blocked, id=124675, stack(0x000070000e42c000,0x000070000e52c000)]
  0x00007fd3abb58800 JavaThread "org.apache.openejb.pool.scheduler.127" daemon [_thread_blocked, id=125187, stack(0x000070000e329000,0x000070000e429000)]
  0x00007fd3a1213000 JavaThread "org.apache.openejb.pool.scheduler.126" daemon [_thread_blocked, id=125699, stack(0x000070000e226000,0x000070000e326000)]
  0x00007fd3a2c70000 JavaThread "org.apache.openejb.pool.scheduler.125" daemon [_thread_blocked, id=126211, stack(0x000070000e123000,0x000070000e223000)]
  0x00007fd3a4538000 JavaThread "org.apache.openejb.pool.scheduler.124" daemon [_thread_blocked, id=93699, stack(0x000070000e020000,0x000070000e120000)]
  0x00007fd3a1639800 JavaThread "org.apache.openejb.pool.scheduler.123" daemon [_thread_blocked, id=93187, stack(0x000070000df1d000,0x000070000e01d000)]
  0x00007fd3ae246800 JavaThread "org.apache.openejb.pool.scheduler.122" daemon [_thread_blocked, id=92931, stack(0x000070000de1a000,0x000070000df1a000)]
  0x00007fd3a4537800 JavaThread "org.apache.openejb.pool.scheduler.121" daemon [_thread_blocked, id=92419, stack(0x000070000dd17000,0x000070000de17000)]
  0x00007fd3a9369000 JavaThread "org.apache.openejb.pool.scheduler.120" daemon [_thread_blocked, id=126723, stack(0x000070000dc14000,0x000070000dd14000)]
  0x00007fd3a9368800 JavaThread "org.apache.openejb.pool.scheduler.119" daemon [_thread_blocked, id=126979, stack(0x000070000db11000,0x000070000dc11000)]
  0x00007fd3a9367800 JavaThread "org.apache.openejb.pool.scheduler.118" daemon [_thread_blocked, id=91395, stack(0x000070000da0e000,0x000070000db0e000)]
  0x00007fd3abac8800 JavaThread "org.apache.openejb.pool.scheduler.117" daemon [_thread_blocked, id=127235, stack(0x000070000d90b000,0x000070000da0b000)]
  0x00007fd3a4efa800 JavaThread "org.apache.openejb.pool.scheduler.116" daemon [_thread_blocked, id=127491, stack(0x000070000d808000,0x000070000d908000)]
  0x00007fd3ae246000 JavaThread "org.apache.openejb.pool.scheduler.115" daemon [_thread_blocked, id=128003, stack(0x000070000d705000,0x000070000d805000)]
  0x00007fd3a3e08000 JavaThread "org.apache.openejb.pool.scheduler.114" daemon [_thread_blocked, id=128259, stack(0x000070000d602000,0x000070000d702000)]
  0x00007fd3ae245000 JavaThread "org.apache.openejb.pool.scheduler.113" daemon [_thread_blocked, id=128771, stack(0x000070000d4ff000,0x000070000d5ff000)]
  0x00007fd3af919000 JavaThread "org.apache.openejb.pool.scheduler.112" daemon [_thread_blocked, id=90115, stack(0x000070000d3fc000,0x000070000d4fc000)]
  0x00007fd3af918000 JavaThread "org.apache.openejb.pool.scheduler.111" daemon [_thread_blocked, id=89603, stack(0x000070000d2f9000,0x000070000d3f9000)]
  0x00007fd3af917800 JavaThread "org.apache.openejb.pool.scheduler.110" daemon [_thread_blocked, id=129283, stack(0x000070000d1f6000,0x000070000d2f6000)]
  0x00007fd3a4534800 JavaThread "org.apache.openejb.pool.scheduler.109" daemon [_thread_blocked, id=89091, stack(0x000070000d0f3000,0x000070000d1f3000)]
  0x00007fd3a3e07000 JavaThread "org.apache.openejb.pool.scheduler.108" daemon [_thread_blocked, id=129795, stack(0x000070000cff0000,0x000070000d0f0000)]
  0x00007fd3a96f7000 JavaThread "org.apache.openejb.pool.scheduler.107" daemon [_thread_blocked, id=88835, stack(0x000070000ceed000,0x000070000cfed000)]
  0x00007fd3ae244800 JavaThread "org.apache.openejb.pool.scheduler.106" daemon [_thread_blocked, id=130307, stack(0x000070000cdea000,0x000070000ceea000)]
  0x00007fd3a96f6000 JavaThread "org.apache.openejb.pool.scheduler.105" daemon [_thread_blocked, id=88067, stack(0x000070000cce7000,0x000070000cde7000)]
  0x00007fd3a3b57000 JavaThread "org.apache.openejb.pool.scheduler.104" daemon [_thread_blocked, id=87811, stack(0x000070000cbe4000,0x000070000cce4000)]
  0x00007fd3a1639000 JavaThread "org.apache.openejb.pool.scheduler.103" daemon [_thread_blocked, id=87555, stack(0x000070000cae1000,0x000070000cbe1000)]
  0x00007fd3a4534000 JavaThread "org.apache.openejb.pool.scheduler.102" daemon [_thread_blocked, id=63491, stack(0x000070000c9de000,0x000070000cade000)]
  0x00007fd3afa35000 JavaThread "org.apache.openejb.pool.scheduler.101" daemon [_thread_blocked, id=63235, stack(0x000070000c8db000,0x000070000c9db000)]
  0x00007fd3a45a0800 JavaThread "org.apache.openejb.pool.scheduler.100" daemon [_thread_blocked, id=62979, stack(0x000070000c7d8000,0x000070000c8d8000)]
  0x00007fd3a4efa000 JavaThread "org.apache.openejb.pool.scheduler.99" daemon [_thread_blocked, id=64259, stack(0x000070000c6d5000,0x000070000c7d5000)]
  0x00007fd3a142b800 JavaThread "org.apache.openejb.pool.scheduler.98" daemon [_thread_blocked, id=62211, stack(0x000070000c5d2000,0x000070000c6d2000)]
  0x00007fd3a459f800 JavaThread "org.apache.openejb.pool.scheduler.97" daemon [_thread_blocked, id=61699, stack(0x000070000c4cf000,0x000070000c5cf000)]
  0x00007fd3afa34000 JavaThread "org.apache.openejb.pool.scheduler.96" daemon [_thread_blocked, id=64515, stack(0x000070000c3cc000,0x000070000c4cc000)]
  0x00007fd3a1fa4800 JavaThread "org.apache.openejb.pool.scheduler.95" daemon [_thread_blocked, id=64771, stack(0x000070000c2c9000,0x000070000c3c9000)]
  0x00007fd3a163a800 JavaThread "org.apache.openejb.pool.scheduler.94" daemon [_thread_blocked, id=65027, stack(0x000070000c1c6000,0x000070000c2c6000)]
  0x00007fd3a2c6f000 JavaThread "org.apache.openejb.pool.scheduler.93" daemon [_thread_blocked, id=65283, stack(0x000070000c0c3000,0x000070000c1c3000)]
  0x00007fd3ae243800 JavaThread "org.apache.openejb.pool.scheduler.92" daemon [_thread_blocked, id=60163, stack(0x000070000bfc0000,0x000070000c0c0000)]
  0x00007fd3a4ef8800 JavaThread "org.apache.openejb.pool.scheduler.91" daemon [_thread_blocked, id=65795, stack(0x000070000bebd000,0x000070000bfbd000)]
  0x00007fd3a4ef7800 JavaThread "org.apache.openejb.pool.scheduler.90" daemon [_thread_blocked, id=59651, stack(0x000070000bdba000,0x000070000beba000)]
  0x00007fd3a949e000 JavaThread "org.apache.openejb.pool.scheduler.89" daemon [_thread_blocked, id=59139, stack(0x000070000bcb7000,0x000070000bdb7000)]
  0x00007fd3a2974800 JavaThread "org.apache.openejb.pool.scheduler.88" daemon [_thread_blocked, id=58627, stack(0x000070000bbb4000,0x000070000bcb4000)]
  0x00007fd3a142a800 JavaThread "org.apache.openejb.pool.scheduler.87" daemon [_thread_blocked, id=66307, stack(0x000070000bab1000,0x000070000bbb1000)]
  0x00007fd3a9370800 JavaThread "org.apache.openejb.pool.scheduler.86" daemon [_thread_blocked, id=58115, stack(0x000070000b9ae000,0x000070000baae000)]
  0x00007fd3abec7800 JavaThread "org.apache.openejb.pool.scheduler.85" daemon [_thread_blocked, id=57859, stack(0x000070000b8ab000,0x000070000b9ab000)]
  0x00007fd3a936f800 JavaThread "org.apache.openejb.pool.scheduler.84" daemon [_thread_blocked, id=67075, stack(0x000070000b7a8000,0x000070000b8a8000)]
  0x00007fd3abec7000 JavaThread "org.apache.openejb.pool.scheduler.83" daemon [_thread_blocked, id=57347, stack(0x000070000b6a5000,0x000070000b7a5000)]
  0x00007fd3a936f000 JavaThread "org.apache.openejb.pool.scheduler.82" daemon [_thread_blocked, id=67331, stack(0x000070000b5a2000,0x000070000b6a2000)]
  0x00007fd3a459f000 JavaThread "org.apache.openejb.pool.scheduler.81" daemon [_thread_blocked, id=56835, stack(0x000070000b49f000,0x000070000b59f000)]
  0x00007fd3afa32800 JavaThread "org.apache.openejb.pool.scheduler.80" daemon [_thread_blocked, id=68099, stack(0x000070000b39c000,0x000070000b49c000)]
  0x00007fd3a936e000 JavaThread "org.apache.openejb.pool.scheduler.79" daemon [_thread_blocked, id=68611, stack(0x000070000b299000,0x000070000b399000)]
  0x00007fd3a142a000 JavaThread "org.apache.openejb.pool.scheduler.78" daemon [_thread_blocked, id=56579, stack(0x000070000b196000,0x000070000b296000)]
  0x00007fd3afa32000 JavaThread "org.apache.openejb.pool.scheduler.77" daemon [_thread_blocked, id=56067, stack(0x000070000b093000,0x000070000b193000)]
  0x00007fd3ae0b5000 JavaThread "org.apache.openejb.pool.scheduler.76" daemon [_thread_blocked, id=55811, stack(0x000070000af90000,0x000070000b090000)]
  0x00007fd3af922000 JavaThread "org.apache.openejb.pool.scheduler.75" daemon [_thread_blocked, id=69635, stack(0x000070000ae8d000,0x000070000af8d000)]
  0x00007fd3ae0b4800 JavaThread "org.apache.openejb.pool.scheduler.74" daemon [_thread_blocked, id=55299, stack(0x000070000ad8a000,0x000070000ae8a000)]
  0x00007fd3ae0b3800 JavaThread "org.apache.openejb.pool.scheduler.73" daemon [_thread_blocked, id=70147, stack(0x000070000ac87000,0x000070000ad87000)]
  0x00007fd3ae0b3000 JavaThread "org.apache.openejb.pool.scheduler.72" daemon [_thread_blocked, id=70403, stack(0x000070000ab84000,0x000070000ac84000)]
  0x00007fd3abec6000 JavaThread "org.apache.openejb.pool.scheduler.71" daemon [_thread_blocked, id=70659, stack(0x000070000aa81000,0x000070000ab81000)]
  0x00007fd3af894000 JavaThread "org.apache.openejb.pool.scheduler.70" daemon [_thread_blocked, id=54275, stack(0x000070000a97e000,0x000070000aa7e000)]
  0x00007fd3a2976000 JavaThread "org.apache.openejb.pool.scheduler.69" daemon [_thread_blocked, id=70915, stack(0x000070000a87b000,0x000070000a97b000)]
  0x00007fd3a459e000 JavaThread "org.apache.openejb.pool.scheduler.68" daemon [_thread_blocked, id=53507, stack(0x000070000a778000,0x000070000a878000)]
  0x00007fd3a459d800 JavaThread "org.apache.openejb.pool.scheduler.67" daemon [_thread_blocked, id=53251, stack(0x000070000a675000,0x000070000a775000)]
  0x00007fd3ae0b2000 JavaThread "org.apache.openejb.pool.scheduler.66" daemon [_thread_blocked, id=71427, stack(0x000070000a572000,0x000070000a672000)]
  0x00007fd3a459c800 JavaThread "org.apache.openejb.pool.scheduler.65" daemon [_thread_blocked, id=71939, stack(0x000070000a46f000,0x000070000a56f000)]
  0x00007fd3a564e000 JavaThread "org.apache.openejb.pool.scheduler.64" daemon [_thread_blocked, id=72451, stack(0x000070000a36c000,0x000070000a46c000)]
  0x00007fd3a3b54000 JavaThread "org.apache.openejb.pool.scheduler.63" daemon [_thread_blocked, id=52739, stack(0x000070000a269000,0x000070000a369000)]
  0x00007fd3a3ca4000 JavaThread "org.apache.openejb.pool.scheduler.62" daemon [_thread_blocked, id=52483, stack(0x000070000a166000,0x000070000a266000)]
  0x00007fd3a2c6e800 JavaThread "org.apache.openejb.pool.scheduler.61" daemon [_thread_blocked, id=51971, stack(0x000070000a063000,0x000070000a163000)]
  0x00007fd3a2b2c000 JavaThread "org.apache.openejb.pool.scheduler.60" daemon [_thread_blocked, id=73475, stack(0x0000700009f60000,0x000070000a060000)]
  0x00007fd3a936d800 JavaThread "org.apache.openejb.pool.scheduler.59" daemon [_thread_blocked, id=73987, stack(0x0000700009e5d000,0x0000700009f5d000)]
  0x00007fd3a2b2b800 JavaThread "org.apache.openejb.pool.scheduler.58" daemon [_thread_blocked, id=74499, stack(0x0000700009d5a000,0x0000700009e5a000)]
  0x00007fd3a2b2a800 JavaThread "org.apache.openejb.pool.scheduler.57" daemon [_thread_blocked, id=74755, stack(0x0000700009c57000,0x0000700009d57000)]
  0x00007fd3a3ca3000 JavaThread "org.apache.openejb.pool.scheduler.56" daemon [_thread_blocked, id=75011, stack(0x0000700009b54000,0x0000700009c54000)]
  0x00007fd3a3ca2800 JavaThread "org.apache.openejb.pool.scheduler.55" daemon [_thread_blocked, id=50947, stack(0x0000700009a51000,0x0000700009b51000)]
  0x00007fd3a1429000 JavaThread "org.apache.openejb.pool.scheduler.54" daemon [_thread_blocked, id=75267, stack(0x000070000994e000,0x0000700009a4e000)]
  0x00007fd3a2c6d800 JavaThread "org.apache.openejb.pool.scheduler.53" daemon [_thread_blocked, id=75523, stack(0x000070000984b000,0x000070000994b000)]
  0x00007fd3a564f000 JavaThread "org.apache.openejb.pool.scheduler.52" daemon [_thread_blocked, id=75779, stack(0x0000700009748000,0x0000700009848000)]
  0x00007fd3a4321800 JavaThread "org.apache.openejb.pool.scheduler.51" daemon [_thread_blocked, id=76291, stack(0x0000700009645000,0x0000700009745000)]
  0x00007fd3a9065000 JavaThread "org.apache.openejb.pool.scheduler.50" daemon [_thread_blocked, id=76547, stack(0x0000700009542000,0x0000700009642000)]
  0x00007fd3a9064000 JavaThread "org.apache.openejb.pool.scheduler.49" daemon [_thread_blocked, id=49667, stack(0x000070000943f000,0x000070000953f000)]
  0x00007fd3a3ca1800 JavaThread "org.apache.openejb.pool.scheduler.48" daemon [_thread_blocked, id=77315, stack(0x000070000933c000,0x000070000943c000)]
  0x00007fd3ae24a000 JavaThread "org.apache.openejb.pool.scheduler.47" daemon [_thread_blocked, id=77827, stack(0x0000700009239000,0x0000700009339000)]
  0x00007fd3a2c6d000 JavaThread "org.apache.openejb.pool.scheduler.46" daemon [_thread_blocked, id=49155, stack(0x0000700009136000,0x0000700009236000)]
  0x00007fd3af893800 JavaThread "org.apache.openejb.pool.scheduler.45" daemon [_thread_blocked, id=78339, stack(0x0000700009033000,0x0000700009133000)]
  0x00007fd3a4321000 JavaThread "org.apache.openejb.pool.scheduler.44" daemon [_thread_blocked, id=78595, stack(0x0000700008f30000,0x0000700009030000)]
  0x00007fd3af892800 JavaThread "org.apache.openejb.pool.scheduler.43" daemon [_thread_blocked, id=79107, stack(0x0000700008e2d000,0x0000700008f2d000)]
  0x00007fd3a10d1000 JavaThread "org.apache.openejb.pool.scheduler.42" daemon [_thread_blocked, id=79363, stack(0x0000700008d2a000,0x0000700008e2a000)]
  0x00007fd3a564d000 JavaThread "org.apache.openejb.pool.scheduler.41" daemon [_thread_blocked, id=48387, stack(0x0000700008c27000,0x0000700008d27000)]
  0x00007fd3a3ca1000 JavaThread "org.apache.openejb.pool.scheduler.40" daemon [_thread_blocked, id=79875, stack(0x0000700008b24000,0x0000700008c24000)]
  0x00007fd3a15f8000 JavaThread "org.apache.openejb.pool.scheduler.39" daemon [_thread_blocked, id=47875, stack(0x0000700008a21000,0x0000700008b21000)]
  0x00007fd3a4320000 JavaThread "org.apache.openejb.pool.scheduler.38" daemon [_thread_blocked, id=47363, stack(0x000070000891e000,0x0000700008a1e000)]
  0x00007fd3afa82000 JavaThread "org.apache.openejb.pool.scheduler.37" daemon [_thread_blocked, id=80387, stack(0x000070000881b000,0x000070000891b000)]
  0x00007fd3a3ca0000 JavaThread "org.apache.openejb.pool.scheduler.36" daemon [_thread_blocked, id=46851, stack(0x0000700008718000,0x0000700008818000)]
  0x00007fd3a919f800 JavaThread "org.apache.openejb.pool.scheduler.35" daemon [_thread_blocked, id=46339, stack(0x0000700008615000,0x0000700008715000)]
  0x00007fd3a431e800 JavaThread "org.apache.openejb.pool.scheduler.34" daemon [_thread_blocked, id=81155, stack(0x0000700008512000,0x0000700008612000)]
  0x00007fd3ae249800 JavaThread "org.apache.openejb.pool.scheduler.33" daemon [_thread_blocked, id=81411, stack(0x000070000840f000,0x000070000850f000)]
  0x00007fd3a2ec7800 JavaThread "org.apache.openejb.pool.scheduler.32" daemon [_thread_blocked, id=81923, stack(0x000070000830c000,0x000070000840c000)]
  0x00007fd3ae248800 JavaThread "org.apache.openejb.pool.scheduler.31" daemon [_thread_blocked, id=82435, stack(0x0000700008209000,0x0000700008309000)]
  0x00007fd3afa40800 JavaThread "org.apache.openejb.pool.scheduler.30" daemon [_thread_blocked, id=82947, stack(0x0000700008106000,0x0000700008206000)]
  0x00007fd3a9210000 JavaThread "org.apache.openejb.pool.scheduler.29" daemon [_thread_blocked, id=83459, stack(0x0000700008003000,0x0000700008103000)]
  0x00007fd3a5555800 JavaThread "org.apache.openejb.pool.scheduler.28" daemon [_thread_blocked, id=83971, stack(0x0000700007f00000,0x0000700008000000)]
  0x00007fd3afa2f000 JavaThread "org.apache.openejb.pool.scheduler.27" daemon [_thread_blocked, id=45827, stack(0x0000700007dfd000,0x0000700007efd000)]
  0x00007fd3ae0b7800 JavaThread "org.apache.openejb.pool.scheduler.26" daemon [_thread_blocked, id=84739, stack(0x0000700007cfa000,0x0000700007dfa000)]
  0x00007fd3a45d5000 JavaThread "OpenEJB-TimerService-Scheduler_QuartzSchedulerThread" daemon [_thread_blocked, id=85251, stack(0x0000700007bf7000,0x0000700007cf7000)]
  0x00007fd3a5555000 JavaThread "org.apache.openejb.pool.scheduler.25" daemon [_thread_blocked, id=85507, stack(0x0000700007af4000,0x0000700007bf4000)]
  0x00007fd3a2cf4000 JavaThread "org.apache.openejb.pool.scheduler.24" daemon [_thread_blocked, id=45059, stack(0x00007000079f1000,0x0000700007af1000)]
  0x00007fd3a2cf1800 JavaThread "org.apache.openejb.pool.scheduler.23" daemon [_thread_blocked, id=44547, stack(0x00007000078ee000,0x00007000079ee000)]
  0x00007fd3abe87000 JavaThread "org.apache.openejb.pool.scheduler.22" daemon [_thread_blocked, id=85763, stack(0x00007000077eb000,0x00007000078eb000)]
  0x00007fd3a297b800 JavaThread "org.apache.openejb.pool.scheduler.21" daemon [_thread_blocked, id=43779, stack(0x00007000076e8000,0x00007000077e8000)]
  0x00007fd3afb92800 JavaThread "org.apache.openejb.pool.scheduler.20" daemon [_thread_blocked, id=86023, stack(0x00007000075e5000,0x00007000076e5000)]
  0x00007fd3a4739000 JavaThread "org.apache.openejb.pool.scheduler.19" daemon [_thread_blocked, id=86279, stack(0x00007000074e2000,0x00007000075e2000)]
  0x00007fd3a420c800 JavaThread "org.apache.openejb.pool.scheduler.18" daemon [_thread_blocked, id=28167, stack(0x00007000073df000,0x00007000074df000)]
  0x00007fd3a383f000 JavaThread "org.apache.openejb.pool.scheduler.17" daemon [_thread_blocked, id=27911, stack(0x00007000072dc000,0x00007000073dc000)]
  0x00007fd3abe86000 JavaThread "org.apache.openejb.pool.scheduler.16" daemon [_thread_blocked, id=28679, stack(0x00007000071d9000,0x00007000072d9000)]
  0x00007fd3a420b800 JavaThread "org.apache.openejb.pool.scheduler.15" daemon [_thread_blocked, id=30727, stack(0x00007000070d6000,0x00007000071d6000)]
  0x00007fd3a4b63000 JavaThread "org.apache.openejb.pool.scheduler.14" daemon [_thread_blocked, id=30983, stack(0x0000700006fd3000,0x00007000070d3000)]
  0x00007fd3a4515000 JavaThread "org.apache.openejb.pool.scheduler.13" daemon [_thread_blocked, id=86535, stack(0x0000700006ed0000,0x0000700006fd0000)]
  0x00007fd3a1fc2000 JavaThread "org.apache.openejb.pool.scheduler.12" daemon [_thread_blocked, id=29703, stack(0x0000700006dcd000,0x0000700006ecd000)]
  0x00007fd3a4514800 JavaThread "org.apache.openejb.pool.scheduler.11" daemon [_thread_blocked, id=87047, stack(0x0000700006cca000,0x0000700006dca000)]
  0x00007fd3a5191000 JavaThread "org.apache.openejb.pool.scheduler.10" daemon [_thread_blocked, id=29959, stack(0x0000700006bc7000,0x0000700006cc7000)]
  0x00007fd3a47f5000 JavaThread "org.apache.openejb.pool.scheduler.9" daemon [_thread_blocked, id=27399, stack(0x0000700006ac4000,0x0000700006bc4000)]
  0x00007fd3a52b0000 JavaThread "org.apache.openejb.pool.scheduler.8" daemon [_thread_blocked, id=32775, stack(0x00007000069c1000,0x0000700006ac1000)]
  0x00007fd3af9de800 JavaThread "org.apache.openejb.pool.scheduler.7" daemon [_thread_blocked, id=30471, stack(0x00007000068be000,0x00007000069be000)]
  0x00007fd3a297a800 JavaThread "org.apache.openejb.pool.scheduler.6" daemon [_thread_blocked, id=32007, stack(0x00007000067bb000,0x00007000068bb000)]
  0x00007fd3a297a000 JavaThread "org.apache.openejb.pool.scheduler.5" daemon [_thread_blocked, id=32263, stack(0x00007000066b8000,0x00007000067b8000)]
  0x00007fd3a2979000 JavaThread "org.apache.openejb.pool.scheduler.4" daemon [_thread_blocked, id=22847, stack(0x000070000588e000,0x000070000598e000)]
  0x00007fd3a20fc800 JavaThread "Abandoned connection cleanup thread" daemon [_thread_blocked, id=29195, stack(0x00007000065b5000,0x00007000066b5000)]
  0x00007fd3a2b83000 JavaThread "http-bio-8080-exec-4" daemon [_thread_blocked, id=37643, stack(0x00007000063af000,0x00007000064af000)]
  0x00007fd3a7b20800 JavaThread "http-bio-8080-exec-3" daemon [_thread_blocked, id=38411, stack(0x00007000062ac000,0x00007000063ac000)]
  0x00007fd3a1237000 JavaThread "http-bio-8080-exec-2" daemon [_thread_blocked, id=36619, stack(0x00007000061a9000,0x00007000062a9000)]
  0x00007fd3a1ff7000 JavaThread "http-bio-8080-exec-1" daemon [_thread_blocked, id=22547, stack(0x00007000060a6000,0x00007000061a6000)]
  0x00007fd3a29af800 JavaThread "ajp-bio-8009-AsyncTimeout" daemon [_thread_blocked, id=35339, stack(0x0000700005fa3000,0x00007000060a3000)]
  0x00007fd3a530f000 JavaThread "ajp-bio-8009-Acceptor-0" daemon [_thread_in_native, id=35595, stack(0x0000700005ea0000,0x0000700005fa0000)]
  0x00007fd3a3847000 JavaThread "http-bio-4443-AsyncTimeout" daemon [_thread_blocked, id=23563, stack(0x0000700005d9d000,0x0000700005e9d000)]
  0x00007fd3a3872800 JavaThread "http-bio-4443-Acceptor-0" daemon [_thread_in_native, id=37899, stack(0x0000700005c9a000,0x0000700005d9a000)]
  0x00007fd3a56c9000 JavaThread "http-bio-8080-AsyncTimeout" daemon [_thread_blocked, id=26119, stack(0x0000700005b97000,0x0000700005c97000)]
  0x00007fd3a57f7000 JavaThread "http-bio-8080-Acceptor-0" daemon [_thread_in_native, id=36875, stack(0x0000700005a94000,0x0000700005b94000)]
  0x00007fd3a11c1800 JavaThread "ContainerBackgroundProcessor[StandardEngine[Catalina]]" daemon [_thread_blocked, id=39215, stack(0x0000700005991000,0x0000700005a91000)]
  0x00007fd3a505e000 JavaThread "org.apache.openejb.pool.scheduler.3" daemon [_thread_blocked, id=24847, stack(0x000070000578b000,0x000070000588b000)]
  0x00007fd3a5359000 JavaThread "org.apache.openejb.pool.scheduler.2" daemon [_thread_blocked, id=34315, stack(0x0000700005688000,0x0000700005788000)]
  0x00007fd3a4c57800 JavaThread "org.apache.openejb.pool.scheduler.1" daemon [_thread_blocked, id=36363, stack(0x0000700005585000,0x0000700005685000)]
  0x00007fd3a508a800 JavaThread "Abandoned connection cleanup thread" daemon [_thread_blocked, id=34823, stack(0x0000700005482000,0x0000700005582000)]
  0x00007fd3a4b58800 JavaThread "AbstractSecurityService.Timer" daemon [_thread_blocked, id=34059, stack(0x000070000537f000,0x000070000547f000)]
  0x00007fd3a4290800 JavaThread "RetryTimer" daemon [_thread_blocked, id=24331, stack(0x000070000527c000,0x000070000537c000)]
  0x00007fd3a4b83800 JavaThread "GC Daemon" daemon [_thread_blocked, id=39687, stack(0x0000700005179000,0x0000700005279000)]
  0x00007fd3a4b65800 JavaThread "RMI Scheduler(0)" daemon [_thread_blocked, id=40195, stack(0x0000700005076000,0x0000700005176000)]
  0x00007fd3a1960000 JavaThread "RMI TCP Accept-0" daemon [_thread_in_native, id=42243, stack(0x0000700004c6a000,0x0000700004d6a000)]
  0x00007fd3a1963000 JavaThread "RMI TCP Accept-1099" daemon [_thread_in_native, id=22275, stack(0x0000700004b67000,0x0000700004c67000)]
  0x00007fd3a201d800 JavaThread "RMI TCP Accept-0" daemon [_thread_in_native, id=18187, stack(0x0000700004a64000,0x0000700004b64000)]
  0x00007fd3a283c000 JavaThread "Service Thread" daemon [_thread_blocked, id=43011, stack(0x0000700004961000,0x0000700004a61000)]
  0x00007fd3a1818000 JavaThread "C1 CompilerThread3" daemon [_thread_blocked, id=21763, stack(0x000070000485e000,0x000070000495e000)]
  0x00007fd3a4821000 JavaThread "C2 CompilerThread2" daemon [_thread_blocked, id=15619, stack(0x000070000475b000,0x000070000485b000)]
  0x00007fd3a380d800 JavaThread "C2 CompilerThread1" daemon [_thread_blocked, id=14851, stack(0x0000700004658000,0x0000700004758000)]
  0x00007fd3a4820800 JavaThread "C2 CompilerThread0" daemon [_thread_blocked, id=14595, stack(0x0000700004555000,0x0000700004655000)]
  0x00007fd3a203d800 JavaThread "JDWP Command Reader" daemon [_thread_in_native, id=14083, stack(0x0000700004452000,0x0000700004552000)]
  0x00007fd3a203c800 JavaThread "JDWP Event Helper Thread" daemon [_thread_blocked, id=16131, stack(0x000070000434f000,0x000070000444f000)]
=>0x00007fd3a203c000 JavaThread "JDWP Transport Listener: dt_socket" daemon [_thread_in_vm, id=13575, stack(0x000070000424c000,0x000070000434c000)]
  0x00007fd3a2800000 JavaThread "Signal Dispatcher" daemon [_thread_blocked, id=16899, stack(0x0000700004149000,0x0000700004249000)]
  0x00007fd3a3816000 JavaThread "Finalizer" daemon [_thread_blocked, id=18947, stack(0x0000700004046000,0x0000700004146000)]
  0x00007fd3a1001000 JavaThread "Reference Handler" daemon [_thread_blocked, id=19203, stack(0x0000700003f43000,0x0000700004043000)]
  0x00007fd3a4801800 JavaThread "main" [_thread_in_native, id=10243, stack(0x0000700003525000,0x0000700003625000)]

Other Threads:
  0x00007fd3a4004000 VMThread [stack: 0x0000700003e40000,0x0000700003f40000] [id=19715]
  0x00007fd3a4004800 WatcherThread [stack: 0x0000700004d6d000,0x0000700004e6d000] [id=41731]

VM state:not at safepoint (normal execution)

VM Mutex/Monitor currently owned by a thread: None

Heap:
 PSYoungGen      total 1232896K, used 731872K [0x000000076ab00000, 0x00000007bef00000, 0x00000007c0000000)
  eden space 1106944K, 62% used [0x000000076ab00000,0x00000007949f1370,0x00000007ae400000)
  from space 125952K, 35% used [0x00000007b7400000,0x00000007b9fc6fb8,0x00000007bef00000)
  to   space 136704K, 0% used [0x00000007ae400000,0x00000007ae400000,0x00000007b6980000)
 ParOldGen       total 439808K, used 177936K [0x00000006c0000000, 0x00000006dad80000, 0x000000076ab00000)
  object space 439808K, 40% used [0x00000006c0000000,0x00000006cadc40e0,0x00000006dad80000)
 Metaspace       used 125506K, capacity 129108K, committed 129408K, reserved 1163264K
  class space    used 15271K, capacity 15920K, committed 16000K, reserved 1048576K

Card table byte_map: [0x000000010c549000,0x000000010cd4a000] byte_map_base: 0x0000000108f49000

Marking Bits: (ParMarkBitMap*) 0x000000010badee20
 Begin Bits: [0x000000010d2a0000, 0x00000001112a0000)
 End Bits:   [0x00000001112a0000, 0x00000001152a0000)

Polling page: 0x000000010a05e000

CodeCache: size=245760Kb used=57100Kb max_used=57190Kb free=188659Kb
 bounds [0x00000001155de000, 0x0000000118e2e000, 0x00000001245de000]
 total_blobs=14320 nmethods=13760 adapters=478
 compilation: enabled

Compilation events (10 events):
Event: 3519.523 Thread 0x00007fd3a1818000 17589       1       com.sun.faces.application.resource.LibraryInfo::getPath (5 bytes)
Event: 3519.523 Thread 0x00007fd3a1818000 nmethod 17589 0x00000001164fe990 code [0x00000001164feae0, 0x00000001164febf0]
Event: 3521.937 Thread 0x00007fd3a1818000 17590       3       org.atmosphere.util.ExecutorsFactory$1::newThread (41 bytes)
Event: 3521.938 Thread 0x00007fd3a1818000 nmethod 17590 0x0000000117feadd0 code [0x0000000117feb000, 0x0000000117febda8]
Event: 3581.061 Thread 0x00007fd3a1818000 17591       3       java.util.concurrent.ScheduledThreadPoolExecutor$DelayedWorkQueue::isEmpty (13 bytes)
Event: 3581.062 Thread 0x00007fd3a1818000 nmethod 17591 0x00000001183ebf50 code [0x00000001183ec120, 0x00000001183ec888]
Event: 3581.062 Thread 0x00007fd3a1818000 17592   !   3       java.util.concurrent.ScheduledThreadPoolExecutor$DelayedWorkQueue::size (27 bytes)
Event: 3581.062 Thread 0x00007fd3a1818000 nmethod 17592 0x00000001167aa8d0 code [0x00000001167aaa80, 0x00000001167ab108]
Event: 3611.062 Thread 0x00007fd3a1818000 17593       3       java.util.concurrent.ScheduledThreadPoolExecutor$DelayedWorkQueue::siftUp (66 bytes)
Event: 3611.064 Thread 0x00007fd3a1818000 nmethod 17593 0x00000001181068d0 code [0x0000000118106ac0, 0x00000001181075e8]

GC Heap History (10 events):
Event: 49.429 GC heap before
{Heap before GC invocations=19 (full 4):
 PSYoungGen      total 938496K, used 938468K [0x000000076ab00000, 0x00000007aeb80000, 0x00000007c0000000)
  eden space 846336K, 100% used [0x000000076ab00000,0x000000079e580000,0x000000079e580000)
  from space 92160K, 99% used [0x00000007a5500000,0x00000007aaef9368,0x00000007aaf00000)
  to   space 114176K, 0% used [0x000000079e580000,0x000000079e580000,0x00000007a5500000)
 ParOldGen       total 427008K, used 213528K [0x00000006c0000000, 0x00000006da100000, 0x000000076ab00000)
  object space 427008K, 50% used [0x00000006c0000000,0x00000006cd0861f0,0x00000006da100000)
 Metaspace       used 84326K, capacity 85244K, committed 85504K, reserved 1124352K
  class space    used 10129K, capacity 10375K, committed 10496K, reserved 1048576K
Event: 49.547 GC heap after
Heap after GC invocations=19 (full 4):
 PSYoungGen      total 960512K, used 107745K [0x000000076ab00000, 0x00000007b8f80000, 0x00000007c0000000)
  eden space 846336K, 0% used [0x000000076ab00000,0x000000076ab00000,0x000000079e580000)
  from space 114176K, 94% used [0x000000079e580000,0x00000007a4eb8728,0x00000007a5500000)
  to   space 130560K, 0% used [0x00000007b1000000,0x00000007b1000000,0x00000007b8f80000)
 ParOldGen       total 427008K, used 213544K [0x00000006c0000000, 0x00000006da100000, 0x000000076ab00000)
  object space 427008K, 50% used [0x00000006c0000000,0x00000006cd08a1f0,0x00000006da100000)
 Metaspace       used 84326K, capacity 85244K, committed 85504K, reserved 1124352K
  class space    used 10129K, capacity 10375K, committed 10496K, reserved 1048576K
}
Event: 51.930 GC heap before
{Heap before GC invocations=20 (full 4):
 PSYoungGen      total 960512K, used 513187K [0x000000076ab00000, 0x00000007b8f80000, 0x00000007c0000000)
  eden space 846336K, 47% used [0x000000076ab00000,0x00000007836f05d8,0x000000079e580000)
  from space 114176K, 94% used [0x000000079e580000,0x00000007a4eb8728,0x00000007a5500000)
  to   space 130560K, 0% used [0x00000007b1000000,0x00000007b1000000,0x00000007b8f80000)
 ParOldGen       total 427008K, used 213544K [0x00000006c0000000, 0x00000006da100000, 0x000000076ab00000)
  object space 427008K, 50% used [0x00000006c0000000,0x00000006cd08a1f0,0x00000006da100000)
 Metaspace       used 95484K, capacity 96428K, committed 96640K, reserved 1134592K
  class space    used 11818K, capacity 12086K, committed 12160K, reserved 1048576K
Event: 52.105 GC heap after
Heap after GC invocations=20 (full 4):
 PSYoungGen      total 1135104K, used 118348K [0x000000076ab00000, 0x00000007be400000, 0x00000007c0000000)
  eden space 1004544K, 0% used [0x000000076ab00000,0x000000076ab00000,0x00000007a8000000)
  from space 130560K, 90% used [0x00000007b1000000,0x00000007b8393090,0x00000007b8f80000)
  to   space 147456K, 0% used [0x00000007a8000000,0x00000007a8000000,0x00000007b1000000)
 ParOldGen       total 427008K, used 213552K [0x00000006c0000000, 0x00000006da100000, 0x000000076ab00000)
  object space 427008K, 50% used [0x00000006c0000000,0x00000006cd08c1f0,0x00000006da100000)
 Metaspace       used 95484K, capacity 96428K, committed 96640K, reserved 1134592K
  class space    used 11818K, capacity 12086K, committed 12160K, reserved 1048576K
}
Event: 52.105 GC heap before
{Heap before GC invocations=21 (full 5):
 PSYoungGen      total 1135104K, used 118348K [0x000000076ab00000, 0x00000007be400000, 0x00000007c0000000)
  eden space 1004544K, 0% used [0x000000076ab00000,0x000000076ab00000,0x00000007a8000000)
  from space 130560K, 90% used [0x00000007b1000000,0x00000007b8393090,0x00000007b8f80000)
  to   space 147456K, 0% used [0x00000007a8000000,0x00000007a8000000,0x00000007b1000000)
 ParOldGen       total 427008K, used 213552K [0x00000006c0000000, 0x00000006da100000, 0x000000076ab00000)
  object space 427008K, 50% used [0x00000006c0000000,0x00000006cd08c1f0,0x00000006da100000)
 Metaspace       used 95484K, capacity 96428K, committed 96640K, reserved 1134592K
  class space    used 11818K, capacity 12086K, committed 12160K, reserved 1048576K
Event: 52.476 GC heap after
Heap after GC invocations=21 (full 5):
 PSYoungGen      total 1135104K, used 0K [0x000000076ab00000, 0x00000007be400000, 0x00000007c0000000)
  eden space 1004544K, 0% used [0x000000076ab00000,0x000000076ab00000,0x00000007a8000000)
  from space 130560K, 0% used [0x00000007b1000000,0x00000007b1000000,0x00000007b8f80000)
  to   space 147456K, 0% used [0x00000007a8000000,0x00000007a8000000,0x00000007b1000000)
 ParOldGen       total 439808K, used 177912K [0x00000006c0000000, 0x00000006dad80000, 0x000000076ab00000)
  object space 439808K, 40% used [0x00000006c0000000,0x00000006cadbe0e0,0x00000006dad80000)
 Metaspace       used 95484K, capacity 96428K, committed 96640K, reserved 1134592K
  class space    used 11818K, capacity 12086K, committed 12160K, reserved 1048576K
}
Event: 58.788 GC heap before
{Heap before GC invocations=22 (full 5):
 PSYoungGen      total 1135104K, used 1004544K [0x000000076ab00000, 0x00000007be400000, 0x00000007c0000000)
  eden space 1004544K, 100% used [0x000000076ab00000,0x00000007a8000000,0x00000007a8000000)
  from space 130560K, 0% used [0x00000007b1000000,0x00000007b1000000,0x00000007b8f80000)
  to   space 147456K, 0% used [0x00000007a8000000,0x00000007a8000000,0x00000007b1000000)
 ParOldGen       total 439808K, used 177912K [0x00000006c0000000, 0x00000006dad80000, 0x000000076ab00000)
  object space 439808K, 40% used [0x00000006c0000000,0x00000006cadbe0e0,0x00000006dad80000)
 Metaspace       used 111339K, capacity 112402K, committed 112640K, reserved 1148928K
  class space    used 13782K, capacity 14055K, committed 14080K, reserved 1048576K
Event: 58.812 GC heap after
Heap after GC invocations=22 (full 5):
 PSYoungGen      total 1152000K, used 29271K [0x000000076ab00000, 0x00000007c0000000, 0x00000007c0000000)
  eden space 1004544K, 0% used [0x000000076ab00000,0x000000076ab00000,0x00000007a8000000)
  from space 147456K, 19% used [0x00000007a8000000,0x00000007a9c95dd8,0x00000007b1000000)
  to   space 143360K, 0% used [0x00000007b7400000,0x00000007b7400000,0x00000007c0000000)
 ParOldGen       total 439808K, used 177920K [0x00000006c0000000, 0x00000006dad80000, 0x000000076ab00000)
  object space 439808K, 40% used [0x00000006c0000000,0x00000006cadc00e0,0x00000006dad80000)
 Metaspace       used 111339K, capacity 112402K, committed 112640K, reserved 1148928K
  class space    used 13782K, capacity 14055K, committed 14080K, reserved 1048576K
}
Event: 2550.503 GC heap before
{Heap before GC invocations=23 (full 5):
 PSYoungGen      total 1152000K, used 1033815K [0x000000076ab00000, 0x00000007c0000000, 0x00000007c0000000)
  eden space 1004544K, 100% used [0x000000076ab00000,0x00000007a8000000,0x00000007a8000000)
  from space 147456K, 19% used [0x00000007a8000000,0x00000007a9c95dd8,0x00000007b1000000)
  to   space 143360K, 0% used [0x00000007b7400000,0x00000007b7400000,0x00000007c0000000)
 ParOldGen       total 439808K, used 177920K [0x00000006c0000000, 0x00000006dad80000, 0x000000076ab00000)
  object space 439808K, 40% used [0x00000006c0000000,0x00000006cadc00e0,0x00000006dad80000)
 Metaspace       used 122309K, capacity 125146K, committed 125440K, reserved 1159168K
  class space    used 15011K, capacity 15553K, committed 15616K, reserved 1048576K
Event: 2550.553 GC heap after
Heap after GC invocations=23 (full 5):
 PSYoungGen      total 1232896K, used 44827K [0x000000076ab00000, 0x00000007bef00000, 0x00000007c0000000)
  eden space 1106944K, 0% used [0x000000076ab00000,0x000000076ab00000,0x00000007ae400000)
  from space 125952K, 35% used [0x00000007b7400000,0x00000007b9fc6fb8,0x00000007bef00000)
  to   space 136704K, 0% used [0x00000007ae400000,0x00000007ae400000,0x00000007b6980000)
 ParOldGen       total 439808K, used 177936K [0x00000006c0000000, 0x00000006dad80000, 0x000000076ab00000)
  object space 439808K, 40% used [0x00000006c0000000,0x00000006cadc40e0,0x00000006dad80000)
 Metaspace       used 122309K, capacity 125146K, committed 125440K, reserved 1159168K
  class space    used 15011K, capacity 15553K, committed 15616K, reserved 1048576K
}

Deoptimization events (10 events):
Event: 2921.812 Thread 0x00007fd3aef01800 Uncommon trap: reason=bimorphic action=maybe_recompile pc=0x0000000116da2b60 method=java.util.Collections.list(Ljava/util/Enumeration;)Ljava/util/ArrayList; @ 9
Event: 2921.813 Thread 0x00007fd3aef01800 Uncommon trap: reason=bimorphic action=maybe_recompile pc=0x0000000116da2b60 method=java.util.Collections.list(Ljava/util/Enumeration;)Ljava/util/ArrayList; @ 9
Event: 2921.858 Thread 0x00007fd3aef01800 Uncommon trap: reason=unstable_if action=reinterpret pc=0x000000011717af78 method=java.util.concurrent.atomic.AtomicBoolean.<init>(Z)V @ 6
Event: 2921.877 Thread 0x00007fd3aef01800 Uncommon trap: reason=unstable_if action=reinterpret pc=0x0000000117bf44b4 method=java.util.concurrent.ConcurrentLinkedQueue.first()Ljava/util/concurrent/ConcurrentLinkedQueue$Node; @ 11
Event: 2921.877 Thread 0x00007fd3aef01800 Uncommon trap: reason=unstable_if action=reinterpret pc=0x0000000116727cb4 method=java.util.concurrent.ConcurrentLinkedQueue$Itr.hasNext()Z @ 4
Event: 2921.877 Thread 0x00007fd3aef01800 Uncommon trap: reason=unstable_if action=reinterpret pc=0x0000000117ffb308 method=java.util.concurrent.ConcurrentLinkedQueue.first()Ljava/util/concurrent/ConcurrentLinkedQueue$Node; @ 11
Event: 2921.891 Thread 0x00007fd3aef01800 Uncommon trap: reason=unstable_if action=reinterpret pc=0x000000011864e75c method=java.util.zip.Deflater.deflate([BIII)I @ 50
Event: 3219.444 Thread 0x00007fd3a7b20800 Uncommon trap: reason=unstable_if action=reinterpret pc=0x00000001167133a8 method=org.primefaces.component.api.UIData.getDataModel()Ljavax/faces/model/DataModel; @ 18
Event: 3219.444 Thread 0x00007fd3a7b20800 Uncommon trap: reason=bimorphic action=maybe_recompile pc=0x000000011627a160 method=javax.faces.model.ListDataModel.isRowAvailable()Z @ 24
Event: 3519.524 Thread 0x00007fd3a1237000 Uncommon trap: reason=bimorphic action=maybe_recompile pc=0x000000011627a160 method=javax.faces.model.ListDataModel.isRowAvailable()Z @ 24

Internal exceptions (10 events):
Event: 2921.042 Thread 0x00007fd3aef8f000 Exception <a 'java/lang/ClassNotFoundException': org/apache/catalina/session/StandardSessionFacadeCustomizer> (0x000000078dc34608) thrown at [/Users/java_re/workspace/8-2-build-macosx-x86_64/jdk8u65/4987/hotspot/src/share/vm/classfile/systemDictionary.cpp
Event: 2946.923 Thread 0x00007fd3aecda000 Exception <a 'java/net/SocketTimeoutException': Read timed out> (0x000000078c5dc370) thrown at [/Users/java_re/workspace/8-2-build-macosx-x86_64/jdk8u65/4987/hotspot/src/share/vm/prims/jni.cpp, line 735]
Event: 2946.933 Thread 0x00007fd3a1ff7000 Exception <a 'java/net/SocketTimeoutException': Read timed out> (0x0000000791842fd0) thrown at [/Users/java_re/workspace/8-2-build-macosx-x86_64/jdk8u65/4987/hotspot/src/share/vm/prims/jni.cpp, line 735]
Event: 2946.958 Thread 0x00007fd3a2923000 Exception <a 'java/net/SocketTimeoutException': Read timed out> (0x000000078a1e6070) thrown at [/Users/java_re/workspace/8-2-build-macosx-x86_64/jdk8u65/4987/hotspot/src/share/vm/prims/jni.cpp, line 735]
Event: 2947.085 Thread 0x00007fd3a9697000 Exception <a 'java/net/SocketTimeoutException': Read timed out> (0x00000007919a9af8) thrown at [/Users/java_re/workspace/8-2-build-macosx-x86_64/jdk8u65/4987/hotspot/src/share/vm/prims/jni.cpp, line 735]
Event: 2947.550 Thread 0x00007fd3ae8e5000 Exception <a 'java/net/SocketTimeoutException': Read timed out> (0x0000000790ec0fb0) thrown at [/Users/java_re/workspace/8-2-build-macosx-x86_64/jdk8u65/4987/hotspot/src/share/vm/prims/jni.cpp, line 735]
Event: 2956.176 Thread 0x00007fd3a2b83000 Exception <a 'java/net/SocketTimeoutException': Read timed out> (0x0000000792613bd8) thrown at [/Users/java_re/workspace/8-2-build-macosx-x86_64/jdk8u65/4987/hotspot/src/share/vm/prims/jni.cpp, line 735]
Event: 3219.444 Thread 0x00007fd3a7b20800 Implicit null exception at 0x0000000116712de7 to 0x0000000116713399
Event: 3239.449 Thread 0x00007fd3a7b20800 Exception <a 'java/net/SocketTimeoutException': Read timed out> (0x00000007936998b8) thrown at [/Users/java_re/workspace/8-2-build-macosx-x86_64/jdk8u65/4987/hotspot/src/share/vm/prims/jni.cpp, line 735]
Event: 3539.530 Thread 0x00007fd3a1237000 Exception <a 'java/net/SocketTimeoutException': Read timed out> (0x0000000794608f60) thrown at [/Users/java_re/workspace/8-2-build-macosx-x86_64/jdk8u65/4987/hotspot/src/share/vm/prims/jni.cpp, line 735]

Events (10 events):
Event: 3621.983 Executing VM operation: ChangeBreakpoints
Event: 3621.984 Executing VM operation: ChangeBreakpoints done
Event: 3621.986 Executing VM operation: ChangeBreakpoints
Event: 3621.987 Executing VM operation: ChangeBreakpoints done
Event: 3621.987 Executing VM operation: ChangeBreakpoints
Event: 3621.988 Executing VM operation: ChangeBreakpoints done
Event: 3622.036 Executing VM operation: RedefineClasses
Event: 3622.413 Executing VM operation: RedefineClasses done
Event: 3622.435 Executing VM operation: RedefineClasses
Event: 3622.702 Executing VM operation: RedefineClasses done


Dynamic libraries:
0x000000000227e000 	/System/Library/Frameworks/Cocoa.framework/Versions/A/Cocoa
0x000000000227e000 	/System/Library/Frameworks/Security.framework/Versions/A/Security
0x000000000227e000 	/System/Library/Frameworks/ApplicationServices.framework/Versions/A/ApplicationServices
0x000000000227e000 	/usr/lib/libz.1.dylib
0x000000000227e000 	/usr/lib/libSystem.B.dylib
0x000000000227e000 	/usr/lib/libobjc.A.dylib
0x000000000227e000 	/System/Library/Frameworks/CoreFoundation.framework/Versions/A/CoreFoundation
0x000000000227e000 	/System/Library/Frameworks/Foundation.framework/Versions/C/Foundation
0x000000000227e000 	/System/Library/Frameworks/AppKit.framework/Versions/C/AppKit
0x000000000227e000 	/System/Library/Frameworks/CoreData.framework/Versions/A/CoreData
0x000000000227e000 	/System/Library/PrivateFrameworks/RemoteViewServices.framework/Versions/A/RemoteViewServices
0x000000000227e000 	/System/Library/PrivateFrameworks/UIFoundation.framework/Versions/A/UIFoundation
0x000000000227e000 	/System/Library/PrivateFrameworks/XCTTargetBootstrap.framework/Versions/A/XCTTargetBootstrap
0x000000000227e000 	/System/Library/PrivateFrameworks/IconServices.framework/Versions/A/IconServices
0x000000000227e000 	/System/Library/Frameworks/Metal.framework/Versions/A/Metal
0x000000000227e000 	/System/Library/PrivateFrameworks/DesktopServicesPriv.framework/Versions/A/DesktopServicesPriv
0x000000000227e000 	/usr/lib/libenergytrace.dylib
0x000000000227e000 	/System/Library/PrivateFrameworks/SkyLight.framework/Versions/A/SkyLight
0x000000000227e000 	/System/Library/Frameworks/CoreGraphics.framework/Versions/A/CoreGraphics
0x000000000227e000 	/System/Library/Frameworks/Accelerate.framework/Versions/A/Accelerate
0x000000000227e000 	/System/Library/Frameworks/IOSurface.framework/Versions/A/IOSurface
0x000000000227e000 	/System/Library/PrivateFrameworks/DFRFoundation.framework/Versions/A/DFRFoundation
0x000000000227e000 	/System/Library/Frameworks/AudioToolbox.framework/Versions/A/AudioToolbox
0x000000000227e000 	/System/Library/Frameworks/AudioUnit.framework/Versions/A/AudioUnit
0x000000000227e000 	/System/Library/PrivateFrameworks/DataDetectorsCore.framework/Versions/A/DataDetectorsCore
0x000000000227e000 	/System/Library/Frameworks/Carbon.framework/Versions/A/Frameworks/HIToolbox.framework/Versions/A/HIToolbox
0x000000000227e000 	/usr/lib/libicucore.A.dylib
0x000000000227e000 	/System/Library/Frameworks/QuartzCore.framework/Versions/A/QuartzCore
0x000000000227e000 	/System/Library/Frameworks/Carbon.framework/Versions/A/Frameworks/SpeechRecognition.framework/Versions/A/SpeechRecognition
0x000000000227e000 	/usr/lib/libauto.dylib
0x000000000227e000 	/usr/lib/libxml2.2.dylib
0x000000000227e000 	/System/Library/PrivateFrameworks/CoreUI.framework/Versions/A/CoreUI
0x000000000227e000 	/System/Library/Frameworks/CoreAudio.framework/Versions/A/CoreAudio
0x000000000227e000 	/System/Library/Frameworks/DiskArbitration.framework/Versions/A/DiskArbitration
0x000000000227e000 	/usr/lib/liblangid.dylib
0x000000000227e000 	/System/Library/PrivateFrameworks/MultitouchSupport.framework/Versions/A/MultitouchSupport
0x000000000227e000 	/System/Library/Frameworks/IOKit.framework/Versions/A/IOKit
0x000000000227e000 	/usr/lib/libDiagnosticMessagesClient.dylib
0x000000000227e000 	/System/Library/Frameworks/CoreServices.framework/Versions/A/CoreServices
0x000000000227e000 	/System/Library/PrivateFrameworks/PerformanceAnalysis.framework/Versions/A/PerformanceAnalysis
0x000000000227e000 	/System/Library/Frameworks/OpenGL.framework/Versions/A/OpenGL
0x000000000227e000 	/System/Library/Frameworks/ColorSync.framework/Versions/A/ColorSync
0x000000000227e000 	/System/Library/Frameworks/CoreImage.framework/Versions/A/CoreImage
0x000000000227e000 	/System/Library/Frameworks/CoreText.framework/Versions/A/CoreText
0x000000000227e000 	/System/Library/Frameworks/ImageIO.framework/Versions/A/ImageIO
0x000000000227e000 	/System/Library/PrivateFrameworks/Backup.framework/Versions/A/Backup
0x000000000227e000 	/usr/lib/libarchive.2.dylib
0x000000000227e000 	/System/Library/Frameworks/CFNetwork.framework/Versions/A/CFNetwork
0x000000000227e000 	/System/Library/Frameworks/SystemConfiguration.framework/Versions/A/SystemConfiguration
0x000000000227e000 	/usr/lib/libCRFSuite.dylib
0x000000000227e000 	/usr/lib/libc++.1.dylib
0x000000000227e000 	/usr/lib/libc++abi.dylib
0x000000000227e000 	/usr/lib/system/libcache.dylib
0x000000000227e000 	/usr/lib/system/libcommonCrypto.dylib
0x000000000227e000 	/usr/lib/system/libcompiler_rt.dylib
0x000000000227e000 	/usr/lib/system/libcopyfile.dylib
0x000000000227e000 	/usr/lib/system/libcorecrypto.dylib
0x000000000227e000 	/usr/lib/system/libdispatch.dylib
0x000000000227e000 	/usr/lib/system/libdyld.dylib
0x000000000227e000 	/usr/lib/system/libkeymgr.dylib
0x000000000227e000 	/usr/lib/system/liblaunch.dylib
0x000000000227e000 	/usr/lib/system/libmacho.dylib
0x000000000227e000 	/usr/lib/system/libquarantine.dylib
0x000000000227e000 	/usr/lib/system/libremovefile.dylib
0x000000000227e000 	/usr/lib/system/libsystem_asl.dylib
0x000000000227e000 	/usr/lib/system/libsystem_blocks.dylib
0x000000000227e000 	/usr/lib/system/libsystem_c.dylib
0x000000000227e000 	/usr/lib/system/libsystem_configuration.dylib
0x000000000227e000 	/usr/lib/system/libsystem_coreservices.dylib
0x000000000227e000 	/usr/lib/system/libsystem_darwin.dylib
0x000000000227e000 	/usr/lib/system/libsystem_dnssd.dylib
0x000000000227e000 	/usr/lib/system/libsystem_info.dylib
0x000000000227e000 	/usr/lib/system/libsystem_m.dylib
0x000000000227e000 	/usr/lib/system/libsystem_malloc.dylib
0x000000000227e000 	/usr/lib/system/libsystem_networkextension.dylib
0x000000000227e000 	/usr/lib/system/libsystem_notify.dylib
0x000000000227e000 	/usr/lib/system/libsystem_sandbox.dylib
0x000000000227e000 	/usr/lib/system/libsystem_secinit.dylib
0x000000000227e000 	/usr/lib/system/libsystem_kernel.dylib
0x000000000227e000 	/usr/lib/system/libsystem_platform.dylib
0x000000000227e000 	/usr/lib/system/libsystem_pthread.dylib
0x000000000227e000 	/usr/lib/system/libsystem_symptoms.dylib
0x000000000227e000 	/usr/lib/system/libsystem_trace.dylib
0x000000000227e000 	/usr/lib/system/libunwind.dylib
0x000000000227e000 	/usr/lib/system/libxpc.dylib
0x000000000227e000 	/usr/lib/libbsm.0.dylib
0x000000000227e000 	/usr/lib/system/libkxld.dylib
0x000000000227e000 	/System/Library/PrivateFrameworks/AppleFSCompression.framework/Versions/A/AppleFSCompression
0x000000000227e000 	/usr/lib/libOpenScriptingUtil.dylib
0x000000000227e000 	/usr/lib/libcoretls.dylib
0x000000000227e000 	/usr/lib/libcoretls_cfhelpers.dylib
0x000000000227e000 	/usr/lib/libpam.2.dylib
0x000000000227e000 	/usr/lib/libsqlite3.dylib
0x000000000227e000 	/usr/lib/libxar.1.dylib
0x000000000227e000 	/usr/lib/libbz2.1.0.dylib
0x000000000227e000 	/usr/lib/liblzma.5.dylib
0x000000000227e000 	/usr/lib/libnetwork.dylib
0x000000000227e000 	/usr/lib/libapple_nghttp2.dylib
0x000000000227e000 	/usr/lib/libpcap.A.dylib
0x000000000227e000 	/System/Library/Frameworks/CoreServices.framework/Versions/A/Frameworks/FSEvents.framework/Versions/A/FSEvents
0x000000000227e000 	/System/Library/Frameworks/CoreServices.framework/Versions/A/Frameworks/CarbonCore.framework/Versions/A/CarbonCore
0x000000000227e000 	/System/Library/Frameworks/CoreServices.framework/Versions/A/Frameworks/Metadata.framework/Versions/A/Metadata
0x000000000227e000 	/System/Library/Frameworks/CoreServices.framework/Versions/A/Frameworks/OSServices.framework/Versions/A/OSServices
0x000000000227e000 	/System/Library/Frameworks/CoreServices.framework/Versions/A/Frameworks/SearchKit.framework/Versions/A/SearchKit
0x000000000227e000 	/System/Library/Frameworks/CoreServices.framework/Versions/A/Frameworks/AE.framework/Versions/A/AE
0x000000000227e000 	/System/Library/Frameworks/CoreServices.framework/Versions/A/Frameworks/LaunchServices.framework/Versions/A/LaunchServices
0x000000000227e000 	/System/Library/Frameworks/CoreServices.framework/Versions/A/Frameworks/DictionaryServices.framework/Versions/A/DictionaryServices
0x000000000227e000 	/System/Library/Frameworks/CoreServices.framework/Versions/A/Frameworks/SharedFileList.framework/Versions/A/SharedFileList
0x000000000227e000 	/System/Library/Frameworks/NetFS.framework/Versions/A/NetFS
0x000000000227e000 	/System/Library/PrivateFrameworks/NetAuth.framework/Versions/A/NetAuth
0x000000000227e000 	/System/Library/PrivateFrameworks/login.framework/Versions/A/Frameworks/loginsupport.framework/Versions/A/loginsupport
0x000000000227e000 	/System/Library/PrivateFrameworks/TCC.framework/Versions/A/TCC
0x000000000227e000 	/System/Library/PrivateFrameworks/CoreNLP.framework/Versions/A/CoreNLP
0x000000000227e000 	/System/Library/PrivateFrameworks/MetadataUtilities.framework/Versions/A/MetadataUtilities
0x000000000227e000 	/usr/lib/libmecabra.dylib
0x000000000227e000 	/System/Library/Frameworks/ApplicationServices.framework/Versions/A/Frameworks/ATS.framework/Versions/A/ATS
0x000000000227e000 	/System/Library/Frameworks/ApplicationServices.framework/Versions/A/Frameworks/ColorSyncLegacy.framework/Versions/A/ColorSyncLegacy
0x000000000227e000 	/System/Library/Frameworks/ApplicationServices.framework/Versions/A/Frameworks/HIServices.framework/Versions/A/HIServices
0x000000000227e000 	/System/Library/Frameworks/ApplicationServices.framework/Versions/A/Frameworks/LangAnalysis.framework/Versions/A/LangAnalysis
0x000000000227e000 	/System/Library/Frameworks/ApplicationServices.framework/Versions/A/Frameworks/PrintCore.framework/Versions/A/PrintCore
0x000000000227e000 	/System/Library/Frameworks/ApplicationServices.framework/Versions/A/Frameworks/QD.framework/Versions/A/QD
0x000000000227e000 	/System/Library/Frameworks/ApplicationServices.framework/Versions/A/Frameworks/SpeechSynthesis.framework/Versions/A/SpeechSynthesis
0x000000000227e000 	/usr/lib/libcompression.dylib
0x000000000227e000 	/System/Library/Frameworks/CoreDisplay.framework/Versions/A/CoreDisplay
0x000000000227e000 	/System/Library/Frameworks/MetalPerformanceShaders.framework/Versions/A/MetalPerformanceShaders
0x000000000227e000 	/System/Library/Frameworks/Accelerate.framework/Versions/A/Frameworks/vImage.framework/Versions/A/vImage
0x000000000227e000 	/System/Library/Frameworks/Accelerate.framework/Versions/A/Frameworks/vecLib.framework/Versions/A/vecLib
0x000000000227e000 	/System/Library/Frameworks/Accelerate.framework/Versions/A/Frameworks/vecLib.framework/Versions/A/libvMisc.dylib
0x000000000227e000 	/System/Library/Frameworks/Accelerate.framework/Versions/A/Frameworks/vecLib.framework/Versions/A/libvDSP.dylib
0x000000000227e000 	/System/Library/Frameworks/Accelerate.framework/Versions/A/Frameworks/vecLib.framework/Versions/A/libBLAS.dylib
0x000000000227e000 	/System/Library/Frameworks/Accelerate.framework/Versions/A/Frameworks/vecLib.framework/Versions/A/libLAPACK.dylib
0x000000000227e000 	/System/Library/Frameworks/Accelerate.framework/Versions/A/Frameworks/vecLib.framework/Versions/A/libLinearAlgebra.dylib
0x000000000227e000 	/System/Library/Frameworks/Accelerate.framework/Versions/A/Frameworks/vecLib.framework/Versions/A/libSparseBLAS.dylib
0x000000000227e000 	/System/Library/Frameworks/Accelerate.framework/Versions/A/Frameworks/vecLib.framework/Versions/A/libQuadrature.dylib
0x000000000227e000 	/System/Library/Frameworks/Accelerate.framework/Versions/A/Frameworks/vecLib.framework/Versions/A/libBNNS.dylib
0x000000000227e000 	/System/Library/Frameworks/Accelerate.framework/Versions/A/Frameworks/vecLib.framework/Versions/A/libSparse.dylib
0x000000000227e000 	/System/Library/PrivateFrameworks/GPUWrangler.framework/Versions/A/GPUWrangler
0x000000000227e000 	/System/Library/PrivateFrameworks/IOAccelerator.framework/Versions/A/IOAccelerator
0x000000000227e000 	/System/Library/PrivateFrameworks/IOPresentment.framework/Versions/A/IOPresentment
0x000000000227e000 	/System/Library/PrivateFrameworks/DSExternalDisplay.framework/Versions/A/DSExternalDisplay
0x000000000227e000 	/System/Library/Frameworks/OpenGL.framework/Versions/A/Libraries/libCoreFSCache.dylib
0x000000000227e000 	/System/Library/Frameworks/MetalPerformanceShaders.framework/Frameworks/MPSCore.framework/Versions/A/MPSCore
0x000000000227e000 	/System/Library/Frameworks/MetalPerformanceShaders.framework/Frameworks/MPSImage.framework/Versions/A/MPSImage
0x000000000227e000 	/System/Library/Frameworks/MetalPerformanceShaders.framework/Frameworks/MPSNeuralNetwork.framework/Versions/A/MPSNeuralNetwork
0x000000000227e000 	/System/Library/Frameworks/MetalPerformanceShaders.framework/Frameworks/MPSMatrix.framework/Versions/A/MPSMatrix
0x000000000227e000 	/System/Library/Frameworks/MetalPerformanceShaders.framework/Frameworks/MPSRayIntersector.framework/Versions/A/MPSRayIntersector
0x000000000227e000 	/System/Library/PrivateFrameworks/MetalTools.framework/Versions/A/MetalTools
0x000000000227e000 	/System/Library/PrivateFrameworks/AggregateDictionary.framework/Versions/A/AggregateDictionary
0x000000000227e000 	/usr/lib/libMobileGestalt.dylib
0x000000000227e000 	/System/Library/Frameworks/CoreVideo.framework/Versions/A/CoreVideo
0x000000000227e000 	/System/Library/PrivateFrameworks/GraphVisualizer.framework/Versions/A/GraphVisualizer
0x000000000227e000 	/System/Library/PrivateFrameworks/FaceCore.framework/Versions/A/FaceCore
0x000000000227e000 	/System/Library/Frameworks/OpenCL.framework/Versions/A/OpenCL
0x000000000227e000 	/usr/lib/libFosl_dynamic.dylib
0x000000000227e000 	/System/Library/PrivateFrameworks/OTSVG.framework/Versions/A/OTSVG
0x000000000227e000 	/System/Library/Frameworks/ApplicationServices.framework/Versions/A/Frameworks/ATS.framework/Versions/A/Resources/libFontParser.dylib
0x000000000227e000 	/System/Library/Frameworks/ApplicationServices.framework/Versions/A/Frameworks/ATS.framework/Versions/A/Resources/libFontRegistry.dylib
0x000000000227e000 	/System/Library/Frameworks/ImageIO.framework/Versions/A/Resources/libJPEG.dylib
0x000000000227e000 	/System/Library/Frameworks/ImageIO.framework/Versions/A/Resources/libTIFF.dylib
0x000000000227e000 	/System/Library/Frameworks/ImageIO.framework/Versions/A/Resources/libPng.dylib
0x000000000227e000 	/System/Library/Frameworks/ImageIO.framework/Versions/A/Resources/libGIF.dylib
0x000000000227e000 	/System/Library/Frameworks/ImageIO.framework/Versions/A/Resources/libJP2.dylib
0x000000000227e000 	/System/Library/Frameworks/ImageIO.framework/Versions/A/Resources/libRadiance.dylib
0x000000000227e000 	/System/Library/PrivateFrameworks/AppleJPEG.framework/Versions/A/AppleJPEG
0x000000000227e000 	/System/Library/Frameworks/OpenGL.framework/Versions/A/Libraries/libGFXShared.dylib
0x000000000227e000 	/System/Library/Frameworks/OpenGL.framework/Versions/A/Libraries/libGLU.dylib
0x000000000227e000 	/System/Library/Frameworks/OpenGL.framework/Versions/A/Libraries/libGL.dylib
0x000000000227e000 	/System/Library/Frameworks/OpenGL.framework/Versions/A/Libraries/libGLImage.dylib
0x000000000227e000 	/System/Library/Frameworks/OpenGL.framework/Versions/A/Libraries/libCVMSPluginSupport.dylib
0x000000000227e000 	/System/Library/Frameworks/OpenGL.framework/Versions/A/Libraries/libCoreVMClient.dylib
0x000000000227e000 	/usr/lib/libcups.2.dylib
0x000000000227e000 	/System/Library/Frameworks/Kerberos.framework/Versions/A/Kerberos
0x000000000227e000 	/System/Library/Frameworks/GSS.framework/Versions/A/GSS
0x000000000227e000 	/usr/lib/libresolv.9.dylib
0x000000000227e000 	/usr/lib/libiconv.2.dylib
0x000000000227e000 	/System/Library/PrivateFrameworks/Heimdal.framework/Versions/A/Heimdal
0x000000000227e000 	/usr/lib/libheimdal-asn1.dylib
0x000000000227e000 	/System/Library/Frameworks/OpenDirectory.framework/Versions/A/OpenDirectory
0x000000000227e000 	/System/Library/PrivateFrameworks/CommonAuth.framework/Versions/A/CommonAuth
0x000000000227e000 	/System/Library/Frameworks/OpenDirectory.framework/Versions/A/Frameworks/CFOpenDirectory.framework/Versions/A/CFOpenDirectory
0x000000000227e000 	/System/Library/Frameworks/SecurityFoundation.framework/Versions/A/SecurityFoundation
0x000000000227e000 	/System/Library/PrivateFrameworks/APFS.framework/Versions/A/APFS
0x000000000227e000 	/usr/lib/libutil.dylib
0x000000000227e000 	/usr/lib/libcharset.1.dylib
0x000000000227e000 	/System/Library/PrivateFrameworks/AppleSauce.framework/Versions/A/AppleSauce
0x000000000227e000 	/System/Library/PrivateFrameworks/AssertionServices.framework/Versions/A/AssertionServices
0x000000000227e000 	/System/Library/PrivateFrameworks/BaseBoard.framework/Versions/A/BaseBoard
0x000000000227e000 	/usr/lib/libmecab.1.0.0.dylib
0x000000000227e000 	/usr/lib/libgermantok.dylib
0x000000000227e000 	/usr/lib/libThaiTokenizer.dylib
0x000000000227e000 	/usr/lib/libChineseTokenizer.dylib
0x000000000227e000 	/System/Library/PrivateFrameworks/LanguageModeling.framework/Versions/A/LanguageModeling
0x000000000227e000 	/System/Library/PrivateFrameworks/CoreEmoji.framework/Versions/A/CoreEmoji
0x000000000227e000 	/System/Library/PrivateFrameworks/Lexicon.framework/Versions/A/Lexicon
0x000000000227e000 	/System/Library/PrivateFrameworks/LinguisticData.framework/Versions/A/LinguisticData
0x000000000227e000 	/usr/lib/libcmph.dylib
0x000000000227e000 	/System/Library/Frameworks/ServiceManagement.framework/Versions/A/ServiceManagement
0x000000000227e000 	/System/Library/PrivateFrameworks/BackgroundTaskManagement.framework/Versions/A/BackgroundTaskManagement
0x000000000227e000 	/usr/lib/libxslt.1.dylib
0x000000000227e000 	/System/Library/Frameworks/Carbon.framework/Versions/A/Frameworks/Ink.framework/Versions/A/Ink
0x000000000227e000 	/System/Library/PrivateFrameworks/TextureIO.framework/Versions/A/TextureIO
0x000000000227e000 	/usr/lib/libate.dylib
0x000000000227e000 	/System/Library/PrivateFrameworks/CrashReporterSupport.framework/Versions/A/CrashReporterSupport
0x000000000227e000 	/System/Library/PrivateFrameworks/Sharing.framework/Versions/A/Sharing
0x000000000227e000 	/System/Library/PrivateFrameworks/AuthKit.framework/Versions/A/AuthKit
0x000000000227e000 	/System/Library/PrivateFrameworks/Apple80211.framework/Versions/A/Apple80211
0x000000000227e000 	/System/Library/PrivateFrameworks/CoreUtils.framework/Versions/A/CoreUtils
0x000000000227e000 	/System/Library/Frameworks/CoreWLAN.framework/Versions/A/CoreWLAN
0x000000000227e000 	/System/Library/Frameworks/IOBluetooth.framework/Versions/A/IOBluetooth
0x000000000227e000 	/System/Library/PrivateFrameworks/ProtocolBuffer.framework/Versions/A/ProtocolBuffer
0x000000000227e000 	/System/Library/PrivateFrameworks/MobileKeyBag.framework/Versions/A/MobileKeyBag
0x000000000227e000 	/System/Library/PrivateFrameworks/CorePhoneNumbers.framework/Versions/A/CorePhoneNumbers
0x000000000227e000 	/System/Library/PrivateFrameworks/AppleIDAuthSupport.framework/Versions/A/AppleIDAuthSupport
0x000000000227e000 	/System/Library/PrivateFrameworks/KeychainCircle.framework/Versions/A/KeychainCircle
0x000000000227e000 	/System/Library/PrivateFrameworks/ROCKit.framework/Versions/A/ROCKit
0x000000000227e000 	/System/Library/PrivateFrameworks/CoreWiFi.framework/Versions/A/CoreWiFi
0x000000000227e000 	/System/Library/Frameworks/CoreBluetooth.framework/Versions/A/CoreBluetooth
0x000000000227e000 	/System/Library/PrivateFrameworks/DebugSymbols.framework/Versions/A/DebugSymbols
0x000000000227e000 	/System/Library/PrivateFrameworks/CoreSymbolication.framework/Versions/A/CoreSymbolication
0x000000000227e000 	/System/Library/PrivateFrameworks/Symbolication.framework/Versions/A/Symbolication
0x000000000227e000 	/System/Library/PrivateFrameworks/SpeechRecognitionCore.framework/Versions/A/SpeechRecognitionCore
0x000000010b200000 	/Library/Java/JavaVirtualMachines/jdk1.8.0_65.jdk/Contents/Home/jre/lib/server/libjvm.dylib
0x000000000227e000 	/usr/lib/libstdc++.6.dylib
0x000000010a01b000 	/Library/Java/JavaVirtualMachines/jdk1.8.0_65.jdk/Contents/Home/jre/lib/libverify.dylib
0x000000010a029000 	/Library/Java/JavaVirtualMachines/jdk1.8.0_65.jdk/Contents/Home/jre/lib/libjava.dylib
0x000000010a05f000 	/Library/Java/JavaVirtualMachines/jdk1.8.0_65.jdk/Contents/Home/jre/lib/libinstrument.dylib
0x000000010a0b4000 	/Library/Java/JavaVirtualMachines/jdk1.8.0_65.jdk/Contents/Home/jre/lib/libjdwp.dylib
0x000000010a0ff000 	/Library/Java/JavaVirtualMachines/jdk1.8.0_65.jdk/Contents/Home/jre/lib/libnpt.dylib
0x000000010a14c000 	/Library/Java/JavaVirtualMachines/jdk1.8.0_65.jdk/Contents/Home/jre/lib/libzip.dylib
0x000000000227e000 	/System/Library/Frameworks/JavaVM.framework/Versions/A/Frameworks/JavaRuntimeSupport.framework/Versions/A/JavaRuntimeSupport
0x000000000227e000 	/System/Library/Frameworks/JavaVM.framework/Versions/A/Frameworks/JavaNativeFoundation.framework/Versions/A/JavaNativeFoundation
0x000000000227e000 	/System/Library/Frameworks/JavaVM.framework/Versions/A/JavaVM
0x000000000227e000 	/System/Library/Frameworks/Carbon.framework/Versions/A/Carbon
0x000000000227e000 	/System/Library/PrivateFrameworks/JavaLaunching.framework/Versions/A/JavaLaunching
0x000000000227e000 	/System/Library/Frameworks/Carbon.framework/Versions/A/Frameworks/CommonPanels.framework/Versions/A/CommonPanels
0x000000000227e000 	/System/Library/Frameworks/Carbon.framework/Versions/A/Frameworks/Help.framework/Versions/A/Help
0x000000000227e000 	/System/Library/Frameworks/Carbon.framework/Versions/A/Frameworks/ImageCapture.framework/Versions/A/ImageCapture
0x000000000227e000 	/System/Library/Frameworks/Carbon.framework/Versions/A/Frameworks/OpenScripting.framework/Versions/A/OpenScripting
0x000000000227e000 	/System/Library/Frameworks/Carbon.framework/Versions/A/Frameworks/Print.framework/Versions/A/Print
0x000000000227e000 	/System/Library/Frameworks/Carbon.framework/Versions/A/Frameworks/SecurityHI.framework/Versions/A/SecurityHI
0x0000000128c7d000 	/Library/Java/JavaVirtualMachines/jdk1.8.0_65.jdk/Contents/Home/jre/lib/libdt_socket.dylib
0x0000000128c92000 	/Library/Java/JavaVirtualMachines/jdk1.8.0_65.jdk/Contents/Home/jre/lib/libmanagement.dylib
0x0000000128ca0000 	/Library/Java/JavaVirtualMachines/jdk1.8.0_65.jdk/Contents/Home/jre/lib/libnet.dylib
0x0000000128cff000 	/Library/Java/JavaVirtualMachines/jdk1.8.0_65.jdk/Contents/Home/jre/lib/libnio.dylib
0x000000012915b000 	/Library/Java/JavaVirtualMachines/jdk1.8.0_65.jdk/Contents/Home/jre/lib/libsunec.dylib

VM Arguments:
jvm_args: -Djava.util.logging.config.file=/Users/vnavozenko/Library/Caches/IntelliJIdea2018.3/tomcat/Unnamed_dreambanking_2/conf/logging.properties -Djava.util.logging.manager=org.apache.juli.ClassLoaderLogManager -javaagent:/Users/vnavozenko/programs/apache-tomee-plume-1.7.4/lib/openejb-javaagent.jar -agentlib:jdwp=transport=dt_socket,address=127.0.0.1:49840,suspend=y,server=n -javaagent:/Users/vnavozenko/Library/Caches/IntelliJIdea2018.3/captureAgent/debugger-agent.jar -Dcom.sun.management.jmxremote= -Dcom.sun.management.jmxremote.port=1099 -Dcom.sun.management.jmxremote.ssl=false -Dcom.sun.management.jmxremote.authenticate=false -Djava.rmi.server.hostname=127.0.0.1 -Dtomee.serialization.class.whitelist= -Dtomee.serialization.class.blacklist=- -Djava.endorsed.dirs=/Users/vnavozenko/programs/apache-tomee-plume-1.7.4/endorsed -Dcatalina.base=/Users/vnavozenko/Library/Caches/IntelliJIdea2018.3/tomcat/Unnamed_dreambanking_2 -Dcatalina.home=/Users/vnavozenko/programs/apache-tomee-plume-1.7.4 -Djava.io.tmpdir=/Users/vnavozenko/programs/apache-tomee-plume-1.7.4/temp 
java_command: org.apache.catalina.startup.Bootstrap start
java_class_path (initial): /Users/vnavozenko/programs/apache-tomee-plume-1.7.4/bin/bootstrap.jar:/Users/vnavozenko/programs/apache-tomee-plume-1.7.4/bin/tomcat-juli.jar:/Users/vnavozenko/programs/apache-tomee-plume-1.7.4/lib/openejb-javaagent.jar:/Users/vnavozenko/Library/Caches/IntelliJIdea2018.3/captureAgent/debugger-agent.jar
Launcher Type: SUN_STANDARD

Environment Variables:
JAVA_HOME=/Library/Java/JavaVirtualMachines/jdk1.8.0_65.jdk/Contents/Home
JRE_HOME=/Library/Java/JavaVirtualMachines/jdk1.8.0_65.jdk/Contents/Home
CLASSPATH=/Users/vnavozenko/programs/apache-tomee-plume-1.7.4/bin/bootstrap.jar:/Users/vnavozenko/programs/apache-tomee-plume-1.7.4/bin/tomcat-juli.jar
PATH=/Users/vnavozenko/.rvm/gems/ruby-2.5.3/bin:/Users/vnavozenko/.rvm/gems/ruby-2.5.3@global/bin:/Users/vnavozenko/.rvm/rubies/ruby-2.5.3/bin:/Library/Frameworks/Python.framework/Versions/3.5/bin:/Users/vnavozenko/programs/scala/activator-1.3.10-minimal/bin:/usr/local/bin:/usr/bin:/bin:/usr/sbin:/sbin:/Library/Frameworks/Mono.framework/Versions/Current/Commands:/Applications/Wireshark.app/Contents/MacOS:/Users/vnavozenko/programs/grails-2.5.5/bin:/Library/Java/JavaVirtualMachines/jdk1.8.0_192.jdk/Contents/Home/bin:/Users/vnavozenko/programs/bin:/Users/vnavozenko/.sdkman/candidates/groovy/current/bin:/Users/vnavozenko/.rvm/bin
SHELL=/bin/bash

Signal Handlers:
SIGSEGV: [libjvm.dylib+0x5a6d31], sa_mask[0]=11111111011111110111111111111111, sa_flags=SA_ONSTACK|SA_RESTART|SA_SIGINFO
SIGBUS: [libjvm.dylib+0x5a6d31], sa_mask[0]=11111111011111110111111111111111, sa_flags=SA_RESTART|SA_SIGINFO
SIGFPE: [libjvm.dylib+0x480a40], sa_mask[0]=11111111011111110111111111111111, sa_flags=SA_RESTART|SA_SIGINFO
SIGPIPE: [libjvm.dylib+0x480a40], sa_mask[0]=11111111011111110111111111111111, sa_flags=SA_RESTART|SA_SIGINFO
SIGXFSZ: [libjvm.dylib+0x480a40], sa_mask[0]=11111111011111110111111111111111, sa_flags=SA_RESTART|SA_SIGINFO
SIGILL: [libjvm.dylib+0x480a40], sa_mask[0]=11111111011111110111111111111111, sa_flags=SA_RESTART|SA_SIGINFO
SIGUSR1: SIG_DFL, sa_mask[0]=00000000000000000000000000000000, sa_flags=none
SIGUSR2: [libjvm.dylib+0x48055e], sa_mask[0]=00100000000000000000000000000000, sa_flags=SA_RESTART|SA_SIGINFO
SIGHUP: [libjvm.dylib+0x47eb35], sa_mask[0]=11111111011111110111111111111111, sa_flags=SA_RESTART|SA_SIGINFO
SIGINT: [libjvm.dylib+0x47eb35], sa_mask[0]=11111111011111110111111111111111, sa_flags=SA_RESTART|SA_SIGINFO
SIGTERM: [libjvm.dylib+0x47eb35], sa_mask[0]=11111111011111110111111111111111, sa_flags=SA_RESTART|SA_SIGINFO
SIGQUIT: [libjvm.dylib+0x47eb35], sa_mask[0]=11111111011111110111111111111111, sa_flags=SA_RESTART|SA_SIGINFO


---------------  S Y S T E M  ---------------

OS:Bsduname:Darwin 18.2.0 Darwin Kernel Version 18.2.0: Fri Oct  5 19:41:49 PDT 2018; root:xnu-4903.221.2~2/RELEASE_X86_64 x86_64
rlimit: STACK 8192k, CORE 0k, NPROC 1418, NOFILE 10240, AS infinity
load average:8.55 6.93 5.97

CPU:total 8 (4 cores per cpu, 2 threads per core) family 6 model 70 stepping 1, cmov, cx8, fxsr, mmx, sse, sse2, sse3, ssse3, sse4.1, sse4.2, popcnt, avx, avx2, aes, clmul, erms, lzcnt, ht, tsc, tscinvbit, bmi1, bmi2

Memory: 4k page, physical 16777216k(419912k free)

/proc/meminfo:


vm_info: Java HotSpot(TM) 64-Bit Server VM (25.65-b01) for bsd-amd64 JRE (1.8.0_65-b17), built on Oct  6 2015 15:36:46 by "java_re" with gcc 4.2.1 (Based on Apple Inc. build 5658) (LLVM build 2336.11.00)

time: Mon Dec  3 14:28:30 2018
elapsed time: 3622 seconds (0d 1h 0m 22s)

